<?xml version="1.0" encoding="UTF-8"?>
<testsuite name="service.FileHolderServiceTest" tests="1" skipped="0" failures="0" errors="0" timestamp="2020-11-11T18:27:11" hostname="DESKTOP-8IF4TQS" time="0.001">
  <properties/>
  <testcase name="shouldCountDuplicatedPhotos" classname="service.FileHolderServiceTest" time="0.001"/>
  <system-out><![CDATA[]]></system-out>
  <system-err><![CDATA[]]></system-err>
</testsuite>
