<?xml version="1.0" encoding="UTF-8"?>
<testsuite name="service.CopyFileServiceTest" tests="3" skipped="0" failures="0" errors="0" timestamp="2020-11-11T18:27:11" hostname="DESKTOP-8IF4TQS" time="0.03">
  <properties/>
  <testcase name="shouldIndicateWhenFileAlreadyExists" classname="service.CopyFileServiceTest" time="0.026"/>
  <testcase name="shouldCopyFiles" classname="service.CopyFileServiceTest" time="0.002"/>
  <testcase name="shouldIndicateWhenItsNotPossibleToCopyFile" classname="service.CopyFileServiceTest" time="0.001"/>
  <system-out><![CDATA[]]></system-out>
  <system-err><![CDATA[]]></system-err>
</testsuite>
