<?xml version="1.0" encoding="UTF-8"?>
<testsuite name="customizer.dir.YearAndMonthByModifiedTimeTest" tests="1" skipped="0" failures="0" errors="0" timestamp="2020-11-11T18:27:10" hostname="DESKTOP-8IF4TQS" time="0.16">
  <properties/>
  <testcase name="shouldExtractTheYearAndMonthOfModifiedTimeAttribute" classname="customizer.dir.YearAndMonthByModifiedTimeTest" time="0.16"/>
  <system-out><![CDATA[]]></system-out>
  <system-err><![CDATA[]]></system-err>
</testsuite>
