<?xml version="1.0" encoding="UTF-8"?>
<testsuite name="service.FileHandlerServiceTest" tests="4" skipped="0" failures="0" errors="0" timestamp="2020-11-11T18:27:11" hostname="DESKTOP-8IF4TQS" time="0.079">
  <properties/>
  <testcase name="shouldCopyFilesToACustomSubpath" classname="service.FileHandlerServiceTest" time="0.042"/>
  <testcase name="shouldCopyFilteredFilesToACustomSubpath" classname="service.FileHandlerServiceTest" time="0.03"/>
  <testcase name="shouldCopyFilteredFiles" classname="service.FileHandlerServiceTest" time="0.001"/>
  <testcase name="shouldCopyFiles" classname="service.FileHandlerServiceTest" time="0.003"/>
  <system-out><![CDATA[]]></system-out>
  <system-err><![CDATA[]]></system-err>
</testsuite>
